12:32:15 **** Incremental Build of configuration Debug for project 02_HAL_UART_Uppercase_Echo ****
make -j12 all 
arm-none-eabi-gcc "../Core/Src/main.c" -mcpu=cortex-m0plus -std=gnu11 -g3 -DDEBUG -DUSE_HAL_DRIVER -DSTM32G071xx -c -I../Core/Inc -I../Drivers/STM32G0xx_HAL_Driver/Inc -I../Drivers/STM32G0xx_HAL_Driver/Inc/Legacy -I../Drivers/CMSIS/Device/ST/STM32G0xx/Include -I../Drivers/CMSIS/Include -O0 -ffunction-sections -fdata-sections -Wall -fstack-usage -fcyclomatic-complexity -MMD -MP -MF"Core/Src/main.d" -MT"Core/Src/main.o" --specs=nano.specs -mfloat-abi=soft -mthumb -o "Core/Src/main.o"
arm-none-eabi-gcc -o "02_HAL_UART_Uppercase_Echo.elf" @"objects.list"   -mcpu=cortex-m0plus -T"C:\Users\priel\OneDrive\Desktop\STM32_HAL_Timers_CAN_RTC_Course\02_HAL_UART_Uppercase_Echo\STM32G071RBTX_FLASH.ld" --specs=nosys.specs -Wl,-Map="02_HAL_UART_Uppercase_Echo.map" -Wl,--gc-sections -static --specs=nano.specs -mfloat-abi=soft -mthumb -Wl,--start-group -lc -lm -Wl,--end-group
Finished building target: 02_HAL_UART_Uppercase_Echo.elf
 
arm-none-eabi-size  02_HAL_UART_Uppercase_Echo.elf 
arm-none-eabi-objdump -h -S 02_HAL_UART_Uppercase_Echo.elf  > "02_HAL_UART_Uppercase_Echo.list"
   text	   data	    bss	    dec	    hex	filename
  12312	     12	   1716	  14040	   36d8	02_HAL_UART_Uppercase_Echo.elf
Finished building: default.size.stdout
 
Finished building: 02_HAL_UART_Uppercase_Echo.list
 
12:32:25 **** Incremental Build of configuration Debug for project 02_HAL_UART_Uppercase_Echo ****
make -j12 all 
arm-none-eabi-gcc "../Core/Src/main.c" -mcpu=cortex-m0plus -std=gnu11 -g3 -DDEBUG -DUSE_HAL_DRIVER -DSTM32G071xx -c -I../Core/Inc -I../Drivers/STM32G0xx_HAL_Driver/Inc -I../Drivers/STM32G0xx_HAL_Driver/Inc/Legacy -I../Drivers/CMSIS/Device/ST/STM32G0xx/Include -I../Drivers/CMSIS/Include -O0 -ffunction-sections -fdata-sections -Wall -fstack-usage -fcyclomatic-complexity -MMD -MP -MF"Core/Src/main.d" -MT"Core/Src/main.o" --specs=nano.specs -mfloat-abi=soft -mthumb -o "Core/Src/main.o"
arm-none-eabi-gcc -o "02_HAL_UART_Uppercase_Echo.elf" @"objects.list"   -mcpu=cortex-m0plus -T"C:\Users\priel\OneDrive\Desktop\STM32_HAL_Timers_CAN_RTC_Course\02_HAL_UART_Uppercase_Echo\STM32G071RBTX_FLASH.ld" --specs=nosys.specs -Wl,-Map="02_HAL_UART_Uppercase_Echo.map" -Wl,--gc-sections -static --specs=nano.specs -mfloat-abi=soft -mthumb -Wl,--start-group -lc -lm -Wl,--end-group
Finished building target: 02_HAL_UART_Uppercase_Echo.elf
 
arm-none-eabi-size  02_HAL_UART_Uppercase_Echo.elf 
arm-none-eabi-objdump -h -S 02_HAL_UART_Uppercase_Echo.elf  > "02_HAL_UART_Uppercase_Echo.list"
   text	   data	    bss	    dec	    hex	filename
  12312	     12	   1716	  14040	   36d8	02_HAL_UART_Uppercase_Echo.elf
Finished building: default.size.stdout
 
Finished building: 02_HAL_UART_Uppercase_Echo.list
 
